<?xml version="1.0" encoding="UTF-8"?>
<coverage generated="1729693638313" clover="3.2.0">
  <project timestamp="1729693638313" name="All files">
    <metrics statements="77" coveredstatements="71" conditionals="41" coveredconditionals="27" methods="18" coveredmethods="17" elements="136" coveredelements="115" complexity="0" loc="77" ncloc="77" packages="6" files="14" classes="14"/>
    <package name="app">
      <metrics statements="36" coveredstatements="35" conditionals="10" coveredconditionals="7" methods="9" coveredmethods="8"/>
      <file name="index.tsx" path="/Users/apple/Desktop/rak_project_2_FE/rak_accout_openning/app/index.tsx">
        <metrics statements="33" coveredstatements="32" conditionals="10" coveredconditionals="7" methods="8" coveredmethods="7"/>
        <line num="12" count="15" type="stmt"/>
        <line num="20" count="15" type="stmt"/>
        <line num="21" count="15" type="stmt"/>
        <line num="23" count="15" type="stmt"/>
        <line num="24" count="2" type="stmt"/>
        <line num="25" count="5" type="cond" truecount="2" falsecount="0"/>
        <line num="26" count="1" type="stmt"/>
        <line num="31" count="1" type="stmt"/>
        <line num="34" count="1" type="stmt"/>
        <line num="35" count="1" type="stmt"/>
        <line num="40" count="1" type="stmt"/>
        <line num="41" count="1" type="stmt"/>
        <line num="42" count="1" type="stmt"/>
        <line num="43" count="1" type="stmt"/>
        <line num="44" count="1" type="cond" truecount="1" falsecount="1"/>
        <line num="45" count="0" type="stmt"/>
        <line num="46" count="1" type="cond" truecount="1" falsecount="1"/>
        <line num="47" count="1" type="stmt"/>
        <line num="50" count="1" type="stmt"/>
        <line num="51" count="1" type="stmt"/>
        <line num="52" count="1" type="cond" truecount="1" falsecount="1"/>
        <line num="53" count="1" type="stmt"/>
        <line num="55" count="1" type="stmt"/>
        <line num="63" count="15" type="stmt"/>
        <line num="64" count="7" type="stmt"/>
        <line num="67" count="15" type="cond" truecount="2" falsecount="0"/>
        <line num="68" count="2" type="stmt"/>
        <line num="76" count="13" type="stmt"/>
        <line num="81" count="2" type="stmt"/>
        <line num="82" count="2" type="stmt"/>
        <line num="83" count="2" type="stmt"/>
        <line num="88" count="1" type="stmt"/>
        <line num="112" count="1" type="stmt"/>
      </file>
      <file name="submission-success.tsx" path="/Users/apple/Desktop/rak_project_2_FE/rak_accout_openning/app/submission-success.tsx">
        <metrics statements="3" coveredstatements="3" conditionals="0" coveredconditionals="0" methods="1" coveredmethods="1"/>
        <line num="6" count="1" type="stmt"/>
        <line num="7" count="2" type="stmt"/>
        <line num="21" count="1" type="stmt"/>
      </file>
    </package>
    <package name="assets">
      <metrics statements="2" coveredstatements="2" conditionals="0" coveredconditionals="0" methods="0" coveredmethods="0"/>
      <file name="rak_logo.png" path="/Users/apple/Desktop/rak_project_2_FE/rak_accout_openning/assets/rak_logo.png">
        <metrics statements="1" coveredstatements="1" conditionals="0" coveredconditionals="0" methods="0" coveredmethods="0"/>
        <line num="1" count="2" type="stmt"/>
      </file>
      <file name="success.png" path="/Users/apple/Desktop/rak_project_2_FE/rak_accout_openning/assets/success.png">
        <metrics statements="1" coveredstatements="1" conditionals="0" coveredconditionals="0" methods="0" coveredmethods="0"/>
        <line num="1" count="2" type="stmt"/>
      </file>
    </package>
    <package name="components">
      <metrics statements="19" coveredstatements="19" conditionals="17" coveredconditionals="12" methods="7" coveredmethods="7"/>
      <file name="ButtonComponent.tsx" path="/Users/apple/Desktop/rak_project_2_FE/rak_accout_openning/components/ButtonComponent.tsx">
        <metrics statements="3" coveredstatements="3" conditionals="2" coveredconditionals="2" methods="1" coveredmethods="1"/>
        <line num="14" count="2" type="stmt"/>
        <line num="15" count="26" type="stmt"/>
        <line num="23" count="2" type="stmt"/>
      </file>
      <file name="CheckBoxComponent.tsx" path="/Users/apple/Desktop/rak_project_2_FE/rak_accout_openning/components/CheckBoxComponent.tsx">
        <metrics statements="4" coveredstatements="4" conditionals="4" coveredconditionals="4" methods="2" coveredmethods="2"/>
        <line num="10" count="2" type="stmt"/>
        <line num="11" count="17" type="stmt"/>
        <line num="12" count="2" type="stmt"/>
        <line num="20" count="2" type="stmt"/>
      </file>
      <file name="ConfirmationIconComponent.tsx" path="/Users/apple/Desktop/rak_project_2_FE/rak_accout_openning/components/ConfirmationIconComponent.tsx">
        <metrics statements="3" coveredstatements="3" conditionals="0" coveredconditionals="0" methods="1" coveredmethods="1"/>
        <line num="4" count="2" type="stmt"/>
        <line num="5" count="4" type="stmt"/>
        <line num="16" count="2" type="stmt"/>
      </file>
      <file name="RAKLogoComponent.tsx" path="/Users/apple/Desktop/rak_project_2_FE/rak_accout_openning/components/RAKLogoComponent.tsx">
        <metrics statements="3" coveredstatements="3" conditionals="0" coveredconditionals="0" methods="1" coveredmethods="1"/>
        <line num="4" count="2" type="stmt"/>
        <line num="5" count="14" type="stmt"/>
        <line num="16" count="2" type="stmt"/>
      </file>
      <file name="TextInputField.tsx" path="/Users/apple/Desktop/rak_project_2_FE/rak_accout_openning/components/TextInputField.tsx">
        <metrics statements="3" coveredstatements="3" conditionals="0" coveredconditionals="0" methods="1" coveredmethods="1"/>
        <line num="13" count="1" type="stmt"/>
        <line num="14" count="36" type="stmt"/>
        <line num="28" count="1" type="stmt"/>
      </file>
      <file name="ThemedText.tsx" path="/Users/apple/Desktop/rak_project_2_FE/rak_accout_openning/components/ThemedText.tsx">
        <metrics statements="3" coveredstatements="3" conditionals="11" coveredconditionals="6" methods="1" coveredmethods="1"/>
        <line num="18" count="1" type="stmt"/>
        <line num="20" count="1" type="stmt"/>
        <line num="36" count="1" type="stmt"/>
      </file>
    </package>
    <package name="constants">
      <metrics statements="5" coveredstatements="5" conditionals="0" coveredconditionals="0" methods="0" coveredmethods="0"/>
      <file name="Colors.ts" path="/Users/apple/Desktop/rak_project_2_FE/rak_accout_openning/constants/Colors.ts">
        <metrics statements="3" coveredstatements="3" conditionals="0" coveredconditionals="0" methods="0" coveredmethods="0"/>
        <line num="6" count="1" type="stmt"/>
        <line num="7" count="1" type="stmt"/>
        <line num="9" count="1" type="stmt"/>
      </file>
      <file name="constants.ts" path="/Users/apple/Desktop/rak_project_2_FE/rak_accout_openning/constants/constants.ts">
        <metrics statements="2" coveredstatements="2" conditionals="0" coveredconditionals="0" methods="0" coveredmethods="0"/>
        <line num="1" count="1" type="stmt"/>
        <line num="3" count="1" type="stmt"/>
      </file>
    </package>
    <package name="hooks">
      <metrics statements="5" coveredstatements="4" conditionals="4" coveredconditionals="2" methods="1" coveredmethods="1"/>
      <file name="useThemeColor.ts" path="/Users/apple/Desktop/rak_project_2_FE/rak_accout_openning/hooks/useThemeColor.ts">
        <metrics statements="5" coveredstatements="4" conditionals="4" coveredconditionals="2" methods="1" coveredmethods="1"/>
        <line num="14" count="1" type="cond" truecount="1" falsecount="1"/>
        <line num="15" count="1" type="stmt"/>
        <line num="17" count="1" type="cond" truecount="1" falsecount="1"/>
        <line num="18" count="0" type="stmt"/>
        <line num="20" count="1" type="stmt"/>
      </file>
    </package>
    <package name="utils">
      <metrics statements="10" coveredstatements="6" conditionals="10" coveredconditionals="6" methods="1" coveredmethods="1"/>
      <file name="sendRequest.ts" path="/Users/apple/Desktop/rak_project_2_FE/rak_accout_openning/utils/sendRequest.ts">
        <metrics statements="10" coveredstatements="6" conditionals="10" coveredconditionals="6" methods="1" coveredmethods="1"/>
        <line num="3" count="2" type="stmt"/>
        <line num="4" count="2" type="stmt"/>
        <line num="5" count="2" type="stmt"/>
        <line num="10" count="0" type="stmt"/>
        <line num="12" count="2" type="cond" truecount="3" falsecount="1"/>
        <line num="13" count="2" type="cond" truecount="3" falsecount="1"/>
        <line num="14" count="2" type="stmt"/>
        <line num="15" count="0" type="cond" truecount="0" falsecount="2"/>
        <line num="16" count="0" type="stmt"/>
        <line num="18" count="0" type="stmt"/>
      </file>
    </package>
  </project>
</coverage>
