{"/Users/apple/Desktop/rak_project_2_FE/rak_accout_openning/app/index.tsx": {"path":"/Users/apple/Desktop/rak_project_2_FE/rak_accout_openning/app/index.tsx","statementMap":{"0":{"start":{"line":12,"column":21},"end":{"line":12,"column":41}},"1":{"start":{"line":20,"column":34},"end":{"line":20,"column":113}},"2":{"start":{"line":21,"column":32},"end":{"line":21,"column":53}},"3":{"start":{"line":23,"column":23},"end":{"line":61,"column":3}},"4":{"start":{"line":24,"column":4},"end":{"line":33,"column":5}},"5":{"start":{"line":25,"column":6},"end":{"line":32,"column":7}},"6":{"start":{"line":26,"column":8},"end":{"line":30,"column":10}},"7":{"start":{"line":31,"column":8},"end":{"line":31,"column":15}},"8":{"start":{"line":34,"column":4},"end":{"line":60,"column":5}},"9":{"start":{"line":35,"column":17},"end":{"line":39,"column":5}},"10":{"start":{"line":40,"column":4},"end":{"line":40,"column":21}},"11":{"start":{"line":41,"column":21},"end":{"line":41,"column":63}},"12":{"start":{"line":42,"column":4},"end":{"line":42,"column":71}},"13":{"start":{"line":43,"column":4},"end":{"line":43,"column":22}},"14":{"start":{"line":44,"column":4},"end":{"line":48,"column":5}},"15":{"start":{"line":45,"column":6},"end":{"line":45,"column":48}},"16":{"start":{"line":46,"column":11},"end":{"line":48,"column":5}},"17":{"start":{"line":47,"column":6},"end":{"line":47,"column":68}},"18":{"start":{"line":50,"column":6},"end":{"line":50,"column":24}},"19":{"start":{"line":51,"column":25},"end":{"line":51,"column":69}},"20":{"start":{"line":52,"column":6},"end":{"line":54,"column":7}},"21":{"start":{"line":53,"column":8},"end":{"line":53,"column":37}},"22":{"start":{"line":55,"column":6},"end":{"line":59,"column":8}},"23":{"start":{"line":63,"column":25},"end":{"line":65,"column":3}},"24":{"start":{"line":64,"column":4},"end":{"line":64,"column":45}},"25":{"start":{"line":67,"column":2},"end":{"line":73,"column":3}},"26":{"start":{"line":68,"column":4},"end":{"line":72,"column":6}},"27":{"start":{"line":76,"column":2},"end":{"line":109,"column":4}},"28":{"start":{"line":81,"column":114},"end":{"line":81,"column":143}},"29":{"start":{"line":82,"column":113},"end":{"line":82,"column":143}},"30":{"start":{"line":83,"column":141},"end":{"line":83,"column":174}},"31":{"start":{"line":88,"column":32},"end":{"line":88,"column":80}},"32":{"start":{"line":112,"column":15},"end":{"line":162,"column":2}}},"fnMap":{"0":{"name":"RegisterScreen","decl":{"start":{"line":11,"column":24},"end":{"line":11,"column":38}},"loc":{"start":{"line":11,"column":41},"end":{"line":110,"column":1}},"line":11},"1":{"name":"(anonymous_1)","decl":{"start":{"line":23,"column":23},"end":{"line":23,"column":24}},"loc":{"start":{"line":23,"column":35},"end":{"line":61,"column":3}},"line":23},"2":{"name":"(anonymous_2)","decl":{"start":{"line":63,"column":25},"end":{"line":63,"column":26}},"loc":{"start":{"line":63,"column":67},"end":{"line":65,"column":3}},"line":63},"3":{"name":"(anonymous_3)","decl":{"start":{"line":81,"column":104},"end":{"line":81,"column":105}},"loc":{"start":{"line":81,"column":114},"end":{"line":81,"column":143}},"line":81},"4":{"name":"(anonymous_4)","decl":{"start":{"line":82,"column":103},"end":{"line":82,"column":104}},"loc":{"start":{"line":82,"column":113},"end":{"line":82,"column":143}},"line":82},"5":{"name":"(anonymous_5)","decl":{"start":{"line":83,"column":131},"end":{"line":83,"column":132}},"loc":{"start":{"line":83,"column":141},"end":{"line":83,"column":174}},"line":83},"6":{"name":"(anonymous_6)","decl":{"start":{"line":88,"column":25},"end":{"line":88,"column":26}},"loc":{"start":{"line":88,"column":31},"end":{"line":88,"column":81}},"line":88},"7":{"name":"(anonymous_7)","decl":{"start":{"line":101,"column":17},"end":{"line":101,"column":18}},"loc":{"start":{"line":101,"column":23},"end":{"line":101,"column":25}},"line":101}},"branchMap":{"0":{"loc":{"start":{"line":25,"column":6},"end":{"line":32,"column":7}},"type":"if","locations":[{"start":{"line":25,"column":6},"end":{"line":32,"column":7}},{"start":{},"end":{}}],"line":25},"1":{"loc":{"start":{"line":44,"column":4},"end":{"line":48,"column":5}},"type":"if","locations":[{"start":{"line":44,"column":4},"end":{"line":48,"column":5}},{"start":{"line":46,"column":11},"end":{"line":48,"column":5}}],"line":44},"2":{"loc":{"start":{"line":46,"column":11},"end":{"line":48,"column":5}},"type":"if","locations":[{"start":{"line":46,"column":11},"end":{"line":48,"column":5}},{"start":{},"end":{}}],"line":46},"3":{"loc":{"start":{"line":52,"column":6},"end":{"line":54,"column":7}},"type":"if","locations":[{"start":{"line":52,"column":6},"end":{"line":54,"column":7}},{"start":{},"end":{}}],"line":52},"4":{"loc":{"start":{"line":67,"column":2},"end":{"line":73,"column":3}},"type":"if","locations":[{"start":{"line":67,"column":2},"end":{"line":73,"column":3}},{"start":{},"end":{}}],"line":67}},"s":{"0":15,"1":15,"2":15,"3":15,"4":2,"5":5,"6":1,"7":1,"8":1,"9":1,"10":1,"11":1,"12":1,"13":1,"14":1,"15":0,"16":1,"17":1,"18":1,"19":1,"20":1,"21":1,"22":1,"23":15,"24":7,"25":15,"26":2,"27":13,"28":2,"29":2,"30":2,"31":1,"32":1},"f":{"0":15,"1":2,"2":7,"3":2,"4":2,"5":2,"6":1,"7":0},"b":{"0":[1,4],"1":[0,1],"2":[1,0],"3":[1,0],"4":[2,13]},"_coverageSchema":"1a1c01bbd47fc00a2c39e90264f33305004495a9","hash":"0626b18c8293dfd45b9853b814296823cbb693c0"}
,"/Users/apple/Desktop/rak_project_2_FE/rak_accout_openning/app/submission-success.tsx": {"path":"/Users/apple/Desktop/rak_project_2_FE/rak_accout_openning/app/submission-success.tsx","statementMap":{"0":{"start":{"line":6,"column":26},"end":{"line":19,"column":1}},"1":{"start":{"line":7,"column":2},"end":{"line":18,"column":4}},"2":{"start":{"line":21,"column":15},"end":{"line":53,"column":2}}},"fnMap":{"0":{"name":"(anonymous_0)","decl":{"start":{"line":6,"column":26},"end":{"line":6,"column":27}},"loc":{"start":{"line":6,"column":32},"end":{"line":19,"column":1}},"line":6}},"branchMap":{},"s":{"0":1,"1":2,"2":1},"f":{"0":2},"b":{},"_coverageSchema":"1a1c01bbd47fc00a2c39e90264f33305004495a9","hash":"cda2884ba2bf59b84979bfb77ef278e0b1f43f31"}
,"/Users/apple/Desktop/rak_project_2_FE/rak_accout_openning/assets/rak_logo.png": {"path":"/Users/apple/Desktop/rak_project_2_FE/rak_accout_openning/assets/rak_logo.png","statementMap":{"0":{"start":{"line":1,"column":0},"end":{"line":1,"column":19}}},"fnMap":{},"branchMap":{},"s":{"0":2},"f":{},"b":{},"_coverageSchema":"1a1c01bbd47fc00a2c39e90264f33305004495a9","hash":"52baa7bfabd9e30ac0bfdfce1584eeb7bdc79602"}
,"/Users/apple/Desktop/rak_project_2_FE/rak_accout_openning/assets/success.png": {"path":"/Users/apple/Desktop/rak_project_2_FE/rak_accout_openning/assets/success.png","statementMap":{"0":{"start":{"line":1,"column":0},"end":{"line":1,"column":19}}},"fnMap":{},"branchMap":{},"s":{"0":2},"f":{},"b":{},"_coverageSchema":"1a1c01bbd47fc00a2c39e90264f33305004495a9","hash":"09cda08f0d184e330d95a352a27adaeeed62ff65"}
,"/Users/apple/Desktop/rak_project_2_FE/rak_accout_openning/components/ButtonComponent.tsx": {"path":"/Users/apple/Desktop/rak_project_2_FE/rak_accout_openning/components/ButtonComponent.tsx","statementMap":{"0":{"start":{"line":14,"column":24},"end":{"line":21,"column":1}},"1":{"start":{"line":15,"column":2},"end":{"line":20,"column":4}},"2":{"start":{"line":23,"column":15},"end":{"line":41,"column":2}}},"fnMap":{"0":{"name":"(anonymous_0)","decl":{"start":{"line":14,"column":24},"end":{"line":14,"column":25}},"loc":{"start":{"line":14,"column":106},"end":{"line":21,"column":1}},"line":14}},"branchMap":{"0":{"loc":{"start":{"line":17,"column":7},"end":{"line":17,"column":76}},"type":"binary-expr","locations":[{"start":{"line":17,"column":7},"end":{"line":17,"column":15}},{"start":{"line":17,"column":19},"end":{"line":17,"column":76}}],"line":17}},"s":{"0":2,"1":26,"2":2},"f":{"0":26},"b":{"0":[26,12]},"_coverageSchema":"1a1c01bbd47fc00a2c39e90264f33305004495a9","hash":"42c15ce57596913c6331e381fb7b83a1bc2adda5"}
,"/Users/apple/Desktop/rak_project_2_FE/rak_accout_openning/components/CheckBoxComponent.tsx": {"path":"/Users/apple/Desktop/rak_project_2_FE/rak_accout_openning/components/CheckBoxComponent.tsx","statementMap":{"0":{"start":{"line":10,"column":57},"end":{"line":18,"column":1}},"1":{"start":{"line":11,"column":2},"end":{"line":17,"column":4}},"2":{"start":{"line":12,"column":71},"end":{"line":12,"column":92}},"3":{"start":{"line":20,"column":15},"end":{"line":42,"column":2}}},"fnMap":{"0":{"name":"(anonymous_0)","decl":{"start":{"line":10,"column":57},"end":{"line":10,"column":58}},"loc":{"start":{"line":10,"column":94},"end":{"line":18,"column":1}},"line":10},"1":{"name":"(anonymous_1)","decl":{"start":{"line":12,"column":65},"end":{"line":12,"column":66}},"loc":{"start":{"line":12,"column":71},"end":{"line":12,"column":92}},"line":12}},"branchMap":{"0":{"loc":{"start":{"line":13,"column":37},"end":{"line":13,"column":68}},"type":"binary-expr","locations":[{"start":{"line":13,"column":37},"end":{"line":13,"column":42}},{"start":{"line":13,"column":46},"end":{"line":13,"column":68}}],"line":13},"1":{"loc":{"start":{"line":14,"column":9},"end":{"line":14,"column":55}},"type":"binary-expr","locations":[{"start":{"line":14,"column":9},"end":{"line":14,"column":14}},{"start":{"line":14,"column":18},"end":{"line":14,"column":55}}],"line":14}},"s":{"0":2,"1":17,"2":2,"3":2},"f":{"0":17,"1":2},"b":{"0":[17,2],"1":[17,2]},"_coverageSchema":"1a1c01bbd47fc00a2c39e90264f33305004495a9","hash":"547c84244b7ebf2309c57a93a92060800ca91410"}
,"/Users/apple/Desktop/rak_project_2_FE/rak_accout_openning/components/ConfirmationIconComponent.tsx": {"path":"/Users/apple/Desktop/rak_project_2_FE/rak_accout_openning/components/ConfirmationIconComponent.tsx","statementMap":{"0":{"start":{"line":4,"column":34},"end":{"line":14,"column":1}},"1":{"start":{"line":5,"column":2},"end":{"line":13,"column":4}},"2":{"start":{"line":16,"column":15},"end":{"line":21,"column":2}}},"fnMap":{"0":{"name":"(anonymous_0)","decl":{"start":{"line":4,"column":34},"end":{"line":4,"column":35}},"loc":{"start":{"line":4,"column":40},"end":{"line":14,"column":1}},"line":4}},"branchMap":{},"s":{"0":2,"1":4,"2":2},"f":{"0":4},"b":{},"_coverageSchema":"1a1c01bbd47fc00a2c39e90264f33305004495a9","hash":"4738f8d56b1464f49e1efafc6ff514a713ead39d"}
,"/Users/apple/Desktop/rak_project_2_FE/rak_accout_openning/components/RAKLogoComponent.tsx": {"path":"/Users/apple/Desktop/rak_project_2_FE/rak_accout_openning/components/RAKLogoComponent.tsx","statementMap":{"0":{"start":{"line":4,"column":25},"end":{"line":14,"column":1}},"1":{"start":{"line":5,"column":2},"end":{"line":13,"column":4}},"2":{"start":{"line":16,"column":15},"end":{"line":21,"column":2}}},"fnMap":{"0":{"name":"(anonymous_0)","decl":{"start":{"line":4,"column":25},"end":{"line":4,"column":26}},"loc":{"start":{"line":4,"column":31},"end":{"line":14,"column":1}},"line":4}},"branchMap":{},"s":{"0":2,"1":14,"2":2},"f":{"0":14},"b":{},"_coverageSchema":"1a1c01bbd47fc00a2c39e90264f33305004495a9","hash":"84485be964b4cac512c38f7aa020a5915abe8634"}
,"/Users/apple/Desktop/rak_project_2_FE/rak_accout_openning/components/TextInputField.tsx": {"path":"/Users/apple/Desktop/rak_project_2_FE/rak_accout_openning/components/TextInputField.tsx","statementMap":{"0":{"start":{"line":13,"column":23},"end":{"line":26,"column":1}},"1":{"start":{"line":14,"column":2},"end":{"line":25,"column":4}},"2":{"start":{"line":28,"column":15},"end":{"line":46,"column":2}}},"fnMap":{"0":{"name":"(anonymous_0)","decl":{"start":{"line":13,"column":23},"end":{"line":13,"column":24}},"loc":{"start":{"line":13,"column":114},"end":{"line":26,"column":1}},"line":13}},"branchMap":{},"s":{"0":1,"1":36,"2":1},"f":{"0":36},"b":{},"_coverageSchema":"1a1c01bbd47fc00a2c39e90264f33305004495a9","hash":"b520e3a9cca34e2faa2d3aa59022eff58c0e680a"}
,"/Users/apple/Desktop/rak_project_2_FE/rak_accout_openning/components/ThemedText.tsx": {"path":"/Users/apple/Desktop/rak_project_2_FE/rak_accout_openning/components/ThemedText.tsx","statementMap":{"0":{"start":{"line":18,"column":16},"end":{"line":18,"column":77}},"1":{"start":{"line":20,"column":2},"end":{"line":33,"column":4}},"2":{"start":{"line":36,"column":15},"end":{"line":60,"column":2}}},"fnMap":{"0":{"name":"ThemedText","decl":{"start":{"line":11,"column":16},"end":{"line":11,"column":26}},"loc":{"start":{"line":17,"column":20},"end":{"line":34,"column":1}},"line":17}},"branchMap":{"0":{"loc":{"start":{"line":15,"column":2},"end":{"line":15,"column":18}},"type":"default-arg","locations":[{"start":{"line":15,"column":9},"end":{"line":15,"column":18}}],"line":15},"1":{"loc":{"start":{"line":24,"column":8},"end":{"line":24,"column":55}},"type":"cond-expr","locations":[{"start":{"line":24,"column":29},"end":{"line":24,"column":43}},{"start":{"line":24,"column":46},"end":{"line":24,"column":55}}],"line":24},"2":{"loc":{"start":{"line":25,"column":8},"end":{"line":25,"column":51}},"type":"cond-expr","locations":[{"start":{"line":25,"column":27},"end":{"line":25,"column":39}},{"start":{"line":25,"column":42},"end":{"line":25,"column":51}}],"line":25},"3":{"loc":{"start":{"line":26,"column":8},"end":{"line":26,"column":71}},"type":"cond-expr","locations":[{"start":{"line":26,"column":37},"end":{"line":26,"column":59}},{"start":{"line":26,"column":62},"end":{"line":26,"column":71}}],"line":26},"4":{"loc":{"start":{"line":27,"column":8},"end":{"line":27,"column":57}},"type":"cond-expr","locations":[{"start":{"line":27,"column":30},"end":{"line":27,"column":45}},{"start":{"line":27,"column":48},"end":{"line":27,"column":57}}],"line":27},"5":{"loc":{"start":{"line":28,"column":8},"end":{"line":28,"column":49}},"type":"cond-expr","locations":[{"start":{"line":28,"column":26},"end":{"line":28,"column":37}},{"start":{"line":28,"column":40},"end":{"line":28,"column":49}}],"line":28}},"s":{"0":1,"1":1,"2":1},"f":{"0":1},"b":{"0":[1],"1":[1,0],"2":[0,1],"3":[0,1],"4":[0,1],"5":[0,1]},"_coverageSchema":"1a1c01bbd47fc00a2c39e90264f33305004495a9","hash":"80ba9caca5219f7ebb889b89da01b8d943fa1c26"}
,"/Users/apple/Desktop/rak_project_2_FE/rak_accout_openning/constants/Colors.ts": {"path":"/Users/apple/Desktop/rak_project_2_FE/rak_accout_openning/constants/Colors.ts","statementMap":{"0":{"start":{"line":6,"column":23},"end":{"line":6,"column":32}},"1":{"start":{"line":7,"column":22},"end":{"line":7,"column":28}},"2":{"start":{"line":9,"column":22},"end":{"line":26,"column":1}}},"fnMap":{},"branchMap":{},"s":{"0":1,"1":1,"2":1},"f":{},"b":{},"_coverageSchema":"1a1c01bbd47fc00a2c39e90264f33305004495a9","hash":"252462f89fd2055a1accdacb8a1a2c04816e7941"}
,"/Users/apple/Desktop/rak_project_2_FE/rak_accout_openning/constants/constants.ts": {"path":"/Users/apple/Desktop/rak_project_2_FE/rak_accout_openning/constants/constants.ts","statementMap":{"0":{"start":{"line":1,"column":27},"end":{"line":1,"column":56}},"1":{"start":{"line":3,"column":20},"end":{"line":3,"column":26}}},"fnMap":{},"branchMap":{},"s":{"0":1,"1":1},"f":{},"b":{},"_coverageSchema":"1a1c01bbd47fc00a2c39e90264f33305004495a9","hash":"1fbbd89f8cca1d06414db755aca0ee5d7b1e9f13"}
,"/Users/apple/Desktop/rak_project_2_FE/rak_accout_openning/hooks/useThemeColor.ts": {"path":"/Users/apple/Desktop/rak_project_2_FE/rak_accout_openning/hooks/useThemeColor.ts","statementMap":{"0":{"start":{"line":14,"column":16},"end":{"line":14,"column":43}},"1":{"start":{"line":15,"column":25},"end":{"line":15,"column":37}},"2":{"start":{"line":17,"column":2},"end":{"line":21,"column":3}},"3":{"start":{"line":18,"column":4},"end":{"line":18,"column":26}},"4":{"start":{"line":20,"column":4},"end":{"line":20,"column":36}}},"fnMap":{"0":{"name":"useThemeColor","decl":{"start":{"line":10,"column":16},"end":{"line":10,"column":29}},"loc":{"start":{"line":13,"column":2},"end":{"line":22,"column":1}},"line":13}},"branchMap":{"0":{"loc":{"start":{"line":14,"column":16},"end":{"line":14,"column":43}},"type":"binary-expr","locations":[{"start":{"line":14,"column":16},"end":{"line":14,"column":32}},{"start":{"line":14,"column":36},"end":{"line":14,"column":43}}],"line":14},"1":{"loc":{"start":{"line":17,"column":2},"end":{"line":21,"column":3}},"type":"if","locations":[{"start":{"line":17,"column":2},"end":{"line":21,"column":3}},{"start":{"line":19,"column":9},"end":{"line":21,"column":3}}],"line":17}},"s":{"0":1,"1":1,"2":1,"3":0,"4":1},"f":{"0":1},"b":{"0":[1,0],"1":[0,1]},"_coverageSchema":"1a1c01bbd47fc00a2c39e90264f33305004495a9","hash":"983eb6a65d9cb8701812b03c0ec94549575087de"}
,"/Users/apple/Desktop/rak_project_2_FE/rak_accout_openning/utils/sendRequest.ts": {"path":"/Users/apple/Desktop/rak_project_2_FE/rak_accout_openning/utils/sendRequest.ts","statementMap":{"0":{"start":{"line":3,"column":27},"end":{"line":21,"column":1}},"1":{"start":{"line":4,"column":2},"end":{"line":20,"column":3}},"2":{"start":{"line":5,"column":21},"end":{"line":9,"column":6}},"3":{"start":{"line":10,"column":4},"end":{"line":10,"column":25}},"4":{"start":{"line":12,"column":4},"end":{"line":19,"column":5}},"5":{"start":{"line":13,"column":27},"end":{"line":13,"column":164}},"6":{"start":{"line":14,"column":6},"end":{"line":14,"column":36}},"7":{"start":{"line":15,"column":11},"end":{"line":19,"column":5}},"8":{"start":{"line":16,"column":6},"end":{"line":16,"column":37}},"9":{"start":{"line":18,"column":6},"end":{"line":18,"column":37}}},"fnMap":{"0":{"name":"(anonymous_0)","decl":{"start":{"line":3,"column":27},"end":{"line":3,"column":28}},"loc":{"start":{"line":3,"column":77},"end":{"line":21,"column":1}},"line":3}},"branchMap":{"0":{"loc":{"start":{"line":12,"column":4},"end":{"line":19,"column":5}},"type":"if","locations":[{"start":{"line":12,"column":4},"end":{"line":19,"column":5}},{"start":{"line":15,"column":11},"end":{"line":19,"column":5}}],"line":12},"1":{"loc":{"start":{"line":12,"column":8},"end":{"line":12,"column":51}},"type":"binary-expr","locations":[{"start":{"line":12,"column":8},"end":{"line":12,"column":33}},{"start":{"line":12,"column":37},"end":{"line":12,"column":51}}],"line":12},"2":{"loc":{"start":{"line":13,"column":27},"end":{"line":13,"column":164}},"type":"binary-expr","locations":[{"start":{"line":13,"column":27},"end":{"line":13,"column":53}},{"start":{"line":13,"column":57},"end":{"line":13,"column":109}},{"start":{"line":13,"column":114},"end":{"line":13,"column":141}},{"start":{"line":13,"column":145},"end":{"line":13,"column":164}}],"line":13},"3":{"loc":{"start":{"line":15,"column":11},"end":{"line":19,"column":5}},"type":"if","locations":[{"start":{"line":15,"column":11},"end":{"line":19,"column":5}},{"start":{"line":17,"column":11},"end":{"line":19,"column":5}}],"line":15}},"s":{"0":2,"1":2,"2":2,"3":0,"4":2,"5":2,"6":2,"7":0,"8":0,"9":0},"f":{"0":2},"b":{"0":[2,0],"1":[2,2],"2":[2,0,2,2],"3":[0,0]},"_coverageSchema":"1a1c01bbd47fc00a2c39e90264f33305004495a9","hash":"c4ecef8eddb416630ee1c249f127567e1673922d"}
}
