TN:
SF:app/index.tsx
FN:11,RegisterScreen
FN:23,(anonymous_1)
FN:63,(anonymous_2)
FN:81,(anonymous_3)
FN:82,(anonymous_4)
FN:83,(anonymous_5)
FN:88,(anonymous_6)
FN:101,(anonymous_7)
FNF:8
FNH:7
FNDA:15,RegisterScreen
FNDA:2,(anonymous_1)
FNDA:7,(anonymous_2)
FNDA:2,(anonymous_3)
FNDA:2,(anonymous_4)
FNDA:2,(anonymous_5)
FNDA:1,(anonymous_6)
FNDA:0,(anonymous_7)
DA:12,15
DA:20,15
DA:21,15
DA:23,15
DA:24,2
DA:25,5
DA:26,1
DA:31,1
DA:34,1
DA:35,1
DA:40,1
DA:41,1
DA:42,1
DA:43,1
DA:44,1
DA:45,0
DA:46,1
DA:47,1
DA:50,1
DA:51,1
DA:52,1
DA:53,1
DA:55,1
DA:63,15
DA:64,7
DA:67,15
DA:68,2
DA:76,13
DA:81,2
DA:82,2
DA:83,2
DA:88,1
DA:112,1
LF:33
LH:32
BRDA:25,0,0,1
BRDA:25,0,1,4
BRDA:44,1,0,0
BRDA:44,1,1,1
BRDA:46,2,0,1
BRDA:46,2,1,0
BRDA:52,3,0,1
BRDA:52,3,1,0
BRDA:67,4,0,2
BRDA:67,4,1,13
BRF:10
BRH:7
end_of_record
TN:
SF:app/submission-success.tsx
FN:6,(anonymous_0)
FNF:1
FNH:1
FNDA:2,(anonymous_0)
DA:6,1
DA:7,2
DA:21,1
LF:3
LH:3
BRF:0
BRH:0
end_of_record
TN:
SF:assets/rak_logo.png
FNF:0
FNH:0
DA:1,2
LF:1
LH:1
BRF:0
BRH:0
end_of_record
TN:
SF:assets/success.png
FNF:0
FNH:0
DA:1,2
LF:1
LH:1
BRF:0
BRH:0
end_of_record
TN:
SF:components/ButtonComponent.tsx
FN:14,(anonymous_0)
FNF:1
FNH:1
FNDA:26,(anonymous_0)
DA:14,2
DA:15,26
DA:23,2
LF:3
LH:3
BRDA:17,0,0,26
BRDA:17,0,1,12
BRF:2
BRH:2
end_of_record
TN:
SF:components/CheckBoxComponent.tsx
FN:10,(anonymous_0)
FN:12,(anonymous_1)
FNF:2
FNH:2
FNDA:17,(anonymous_0)
FNDA:2,(anonymous_1)
DA:10,2
DA:11,17
DA:12,2
DA:20,2
LF:4
LH:4
BRDA:13,0,0,17
BRDA:13,0,1,2
BRDA:14,1,0,17
BRDA:14,1,1,2
BRF:4
BRH:4
end_of_record
TN:
SF:components/ConfirmationIconComponent.tsx
FN:4,(anonymous_0)
FNF:1
FNH:1
FNDA:4,(anonymous_0)
DA:4,2
DA:5,4
DA:16,2
LF:3
LH:3
BRF:0
BRH:0
end_of_record
TN:
SF:components/RAKLogoComponent.tsx
FN:4,(anonymous_0)
FNF:1
FNH:1
FNDA:14,(anonymous_0)
DA:4,2
DA:5,14
DA:16,2
LF:3
LH:3
BRF:0
BRH:0
end_of_record
TN:
SF:components/TextInputField.tsx
FN:13,(anonymous_0)
FNF:1
FNH:1
FNDA:36,(anonymous_0)
DA:13,1
DA:14,36
DA:28,1
LF:3
LH:3
BRF:0
BRH:0
end_of_record
TN:
SF:components/ThemedText.tsx
FN:11,ThemedText
FNF:1
FNH:1
FNDA:1,ThemedText
DA:18,1
DA:20,1
DA:36,1
LF:3
LH:3
BRDA:15,0,0,1
BRDA:24,1,0,1
BRDA:24,1,1,0
BRDA:25,2,0,0
BRDA:25,2,1,1
BRDA:26,3,0,0
BRDA:26,3,1,1
BRDA:27,4,0,0
BRDA:27,4,1,1
BRDA:28,5,0,0
BRDA:28,5,1,1
BRF:11
BRH:6
end_of_record
TN:
SF:constants/Colors.ts
FNF:0
FNH:0
DA:6,1
DA:7,1
DA:9,1
LF:3
LH:3
BRF:0
BRH:0
end_of_record
TN:
SF:constants/constants.ts
FNF:0
FNH:0
DA:1,1
DA:3,1
LF:2
LH:2
BRF:0
BRH:0
end_of_record
TN:
SF:hooks/useThemeColor.ts
FN:10,useThemeColor
FNF:1
FNH:1
FNDA:1,useThemeColor
DA:14,1
DA:15,1
DA:17,1
DA:18,0
DA:20,1
LF:5
LH:4
BRDA:14,0,0,1
BRDA:14,0,1,0
BRDA:17,1,0,0
BRDA:17,1,1,1
BRF:4
BRH:2
end_of_record
TN:
SF:utils/sendRequest.ts
FN:3,(anonymous_0)
FNF:1
FNH:1
FNDA:2,(anonymous_0)
DA:3,2
DA:4,2
DA:5,2
DA:10,0
DA:12,2
DA:13,2
DA:14,2
DA:15,0
DA:16,0
DA:18,0
LF:10
LH:6
BRDA:12,0,0,2
BRDA:12,0,1,0
BRDA:12,1,0,2
BRDA:12,1,1,2
BRDA:13,2,0,2
BRDA:13,2,1,0
BRDA:13,2,2,2
BRDA:13,2,3,2
BRDA:15,3,0,0
BRDA:15,3,1,0
BRF:10
BRH:6
end_of_record
